<?xml version="1.0" encoding="UTF-8"?>
<!-- Generated by org.testng.reporters.JUnitReportReporter -->
<testsuite hostname="SADEV-07" failures="0" tests="1" name="tests.TestDoctorPage" time="14.489" errors="0" timestamp="2024-12-12T10:07:53 EET" skipped="0">
  <testcase classname="tests.TestDoctorPage" name="validatetheusercantCreateDoctorWithInavaidData" time="14.489"/>
</testsuite> <!-- tests.TestDoctorPage -->
