<?xml version="1.0" encoding="UTF-8"?>
<!-- Generated by org.testng.reporters.JUnitReportReporter -->
<testsuite hostname="SADEV-07" failures="0" tests="1" name="tests.TestPatientPage" time="20.002" errors="0" timestamp="2024-12-16T08:13:10 EET" skipped="0">
  <testcase classname="tests.TestPatientPage" name="validateusercancreatpatient" time="20.002"/>
</testsuite> <!-- tests.TestPatientPage -->
