<?xml version="1.0" encoding="UTF-8"?>
<!-- Generated by org.testng.reporters.JUnitReportReporter -->
<testsuite hostname="SADEV-07" failures="0" tests="1" name="tests.TestClinicPage" time="13.721" errors="0" timestamp="2024-12-11T17:15:19 EET" skipped="0">
  <testcase classname="tests.TestClinicPage" name="usercantCreateClinicWithInvalidInpute" time="13.721"/>
</testsuite> <!-- tests.TestClinicPage -->
