<?xml version="1.0" encoding="UTF-8"?>
<!-- Generated by org.testng.reporters.JUnitReportReporter -->
<testsuite hostname="SADEV-07" failures="0" tests="1" name="tests.TestOutboundtransfer" time="18.466" errors="0" timestamp="2024-11-19T10:33:53 EET" skipped="0">
  <testcase classname="tests.TestOutboundtransfer" name="usercanCreateoutboundtransfer" time="18.466"/>
</testsuite> <!-- tests.TestOutboundtransfer -->
