<?xml version="1.0" encoding="UTF-8"?>
<!-- Generated by org.testng.reporters.JUnitReportReporter -->
<testsuite hostname="SADEV-07" failures="0" tests="4" name="tests.TestAssistantPage" time="140.272" errors="0" timestamp="2024-12-15T16:12:08 EET" skipped="0">
  <testcase classname="tests.TestAssistantPage" name="validateusercanGotoAssistantEditPage" time="35.655"/>
  <testcase classname="tests.TestAssistantPage" name="validateusercantAddAssistantWithInvalidData" time="30.493"/>
  <testcase classname="tests.TestAssistantPage" name="validateUserCanCreateNewAssistant" time="37.048"/>
  <testcase classname="tests.TestAssistantPage" name="validateusercanGotoShowPage" time="37.076"/>
</testsuite> <!-- tests.TestAssistantPage -->
