<?xml version="1.0" encoding="UTF-8"?>
<!-- Generated by org.testng.reporters.JUnitReportReporter -->
<testsuite hostname="SADEV-07" failures="0" tests="3" name="tests.TestBrandsPage" time="82.443" errors="0" timestamp="2024-12-10T19:24:33 EET" skipped="0">
  <testcase classname="tests.TestBrandsPage" name="userCanEnterShowPage" time="22.020"/>
  <testcase classname="tests.TestBrandsPage" name="userCanCreateANewBrand" time="29.277"/>
  <testcase classname="tests.TestBrandsPage" name="userCanEnterEditPage" time="31.146"/>
</testsuite> <!-- tests.TestBrandsPage -->
