<?xml version="1.0" encoding="UTF-8"?>
<!-- Generated by org.testng.reporters.JUnitReportReporter -->
<testsuite hostname="SADEV-07" failures="0" tests="1" name="tests.TestserialPage" time="30.897" errors="0" timestamp="2024-12-11T15:18:18 EET" skipped="0">
  <testcase classname="tests.TestserialPage" name="usercancreatanewBrand" time="30.897"/>
</testsuite> <!-- tests.TestserialPage -->
